p/wally_283_345.png 1 0 0 40 40
p/wally_283_330.png 1 0 0 40 40
p/wally_283_315.png 1 0 0 40 40
p/wally_283_300.png 1 0 0 40 40
p/wally_283_285.png 1 0 0 40 40
p/wally_283_270.png 1 0 0 40 40
p/wally_283_255.png 1 0 0 40 40
p/wally_283_240.png 1 0 0 40 40
p/wally_283_225.png 1 0 0 40 40
p/wally_283_210.png 1 0 0 40 40
p/wally_283_195.png 1 0 0 40 40
p/wally_283_180.png 1 0 0 40 40
p/wally_283_165.png 1 0 0 40 40
p/wally_283_150.png 1 0 0 40 40
p/wally_283_135.png 1 0 0 40 40
p/wally_283_120.png 1 0 0 40 40
p/wally_283_105.png 1 0 0 40 40
p/wally_283_90.png 1 0 0 40 40
p/wally_283_75.png 1 0 0 40 40
p/wally_283_60.png 1 0 0 40 40
p/wally_283_45.png 1 0 0 40 40
p/wally_283_30.png 1 0 0 40 40
p/wally_283_15.png 1 0 0 40 40
p/wally_238_345.png 1 0 0 40 40
p/wally_238_330.png 1 0 0 40 40
p/wally_238_315.png 1 0 0 40 40
p/wally_238_300.png 1 0 0 40 40
p/wally_238_285.png 1 0 0 40 40
p/wally_238_270.png 1 0 0 40 40
p/wally_238_255.png 1 0 0 40 40
p/wally_238_240.png 1 0 0 40 40
p/wally_238_225.png 1 0 0 40 40
p/wally_238_210.png 1 0 0 40 40
p/wally_238_195.png 1 0 0 40 40
p/wally_238_180.png 1 0 0 40 40
p/wally_238_165.png 1 0 0 40 40
p/wally_238_150.png 1 0 0 40 40
p/wally_238_135.png 1 0 0 40 40
p/wally_238_120.png 1 0 0 40 40
p/wally_238_105.png 1 0 0 40 40
p/wally_238_90.png 1 0 0 40 40
p/wally_238_75.png 1 0 0 40 40
p/wally_238_60.png 1 0 0 40 40
p/wally_238_45.png 1 0 0 40 40
p/wally_238_30.png 1 0 0 40 40
p/wally_238_15.png 1 0 0 40 40
p/wally_286_345.png 1 0 0 40 40
p/wally_286_330.png 1 0 0 40 40
p/wally_286_315.png 1 0 0 40 40
p/wally_286_300.png 1 0 0 40 40
p/wally_286_285.png 1 0 0 40 40
p/wally_286_270.png 1 0 0 40 40
p/wally_286_255.png 1 0 0 40 40
p/wally_286_240.png 1 0 0 40 40
p/wally_286_225.png 1 0 0 40 40
p/wally_286_210.png 1 0 0 40 40
p/wally_286_195.png 1 0 0 40 40
p/wally_286_180.png 1 0 0 40 40
p/wally_286_165.png 1 0 0 40 40
p/wally_286_150.png 1 0 0 40 40
p/wally_286_135.png 1 0 0 40 40
p/wally_286_120.png 1 0 0 40 40
p/wally_286_105.png 1 0 0 40 40
p/wally_286_90.png 1 0 0 40 40
p/wally_286_75.png 1 0 0 40 40
p/wally_286_60.png 1 0 0 40 40
p/wally_286_45.png 1 0 0 40 40
p/wally_286_30.png 1 0 0 40 40
p/wally_286_15.png 1 0 0 40 40
p/wally_221_345.png 1 0 0 40 40
p/wally_221_330.png 1 0 0 40 40
p/wally_221_315.png 1 0 0 40 40
p/wally_221_300.png 1 0 0 40 40
p/wally_221_285.png 1 0 0 40 40
p/wally_221_270.png 1 0 0 40 40
p/wally_221_255.png 1 0 0 40 40
p/wally_221_240.png 1 0 0 40 40
p/wally_221_225.png 1 0 0 40 40
p/wally_221_210.png 1 0 0 40 40
p/wally_221_195.png 1 0 0 40 40
p/wally_221_180.png 1 0 0 40 40
p/wally_221_165.png 1 0 0 40 40
p/wally_221_150.png 1 0 0 40 40
p/wally_221_135.png 1 0 0 40 40
p/wally_221_120.png 1 0 0 40 40
p/wally_221_105.png 1 0 0 40 40
p/wally_221_90.png 1 0 0 40 40
p/wally_221_75.png 1 0 0 40 40
p/wally_221_60.png 1 0 0 40 40
p/wally_221_45.png 1 0 0 40 40
p/wally_221_30.png 1 0 0 40 40
p/wally_221_15.png 1 0 0 40 40
p/wally_205_345.png 1 0 0 40 40
p/wally_205_330.png 1 0 0 40 40
p/wally_205_315.png 1 0 0 40 40
p/wally_205_300.png 1 0 0 40 40
p/wally_205_285.png 1 0 0 40 40
p/wally_205_270.png 1 0 0 40 40
p/wally_205_255.png 1 0 0 40 40
p/wally_205_240.png 1 0 0 40 40
p/wally_205_225.png 1 0 0 40 40
p/wally_205_210.png 1 0 0 40 40
p/wally_205_195.png 1 0 0 40 40
p/wally_205_180.png 1 0 0 40 40
p/wally_205_165.png 1 0 0 40 40
p/wally_205_150.png 1 0 0 40 40
p/wally_205_135.png 1 0 0 40 40
p/wally_205_120.png 1 0 0 40 40
p/wally_205_105.png 1 0 0 40 40
p/wally_205_90.png 1 0 0 40 40
p/wally_205_75.png 1 0 0 40 40
p/wally_205_60.png 1 0 0 40 40
p/wally_205_45.png 1 0 0 40 40
p/wally_205_30.png 1 0 0 40 40
p/wally_205_15.png 1 0 0 40 40
p/wally_200_345.png 1 0 0 40 40
p/wally_200_330.png 1 0 0 40 40
p/wally_200_315.png 1 0 0 40 40
p/wally_200_300.png 1 0 0 40 40
p/wally_200_285.png 1 0 0 40 40
p/wally_200_270.png 1 0 0 40 40
p/wally_200_255.png 1 0 0 40 40
p/wally_200_240.png 1 0 0 40 40
p/wally_200_225.png 1 0 0 40 40
p/wally_200_210.png 1 0 0 40 40
p/wally_200_195.png 1 0 0 40 40
p/wally_200_180.png 1 0 0 40 40
p/wally_200_165.png 1 0 0 40 40
p/wally_200_150.png 1 0 0 40 40
p/wally_200_135.png 1 0 0 40 40
p/wally_200_120.png 1 0 0 40 40
p/wally_200_105.png 1 0 0 40 40
p/wally_200_90.png 1 0 0 40 40
p/wally_200_75.png 1 0 0 40 40
p/wally_200_60.png 1 0 0 40 40
p/wally_200_45.png 1 0 0 40 40
p/wally_200_30.png 1 0 0 40 40
p/wally_200_15.png 1 0 0 40 40
p/wally_195_345.png 1 0 0 40 40
p/wally_195_330.png 1 0 0 40 40
p/wally_195_315.png 1 0 0 40 40
p/wally_195_300.png 1 0 0 40 40
p/wally_195_285.png 1 0 0 40 40
p/wally_195_270.png 1 0 0 40 40
p/wally_195_255.png 1 0 0 40 40
p/wally_195_240.png 1 0 0 40 40
p/wally_195_225.png 1 0 0 40 40
p/wally_195_210.png 1 0 0 40 40
p/wally_195_195.png 1 0 0 40 40
p/wally_195_180.png 1 0 0 40 40
p/wally_195_165.png 1 0 0 40 40
p/wally_195_150.png 1 0 0 40 40
p/wally_195_135.png 1 0 0 40 40
p/wally_195_120.png 1 0 0 40 40
p/wally_195_105.png 1 0 0 40 40
p/wally_195_90.png 1 0 0 40 40
p/wally_195_75.png 1 0 0 40 40
p/wally_195_60.png 1 0 0 40 40
p/wally_195_45.png 1 0 0 40 40
p/wally_195_30.png 1 0 0 40 40
p/wally_195_15.png 1 0 0 40 40
p/wally_189_345.png 1 0 0 40 40
p/wally_189_330.png 1 0 0 40 40
p/wally_189_315.png 1 0 0 40 40
p/wally_189_300.png 1 0 0 40 40
p/wally_189_285.png 1 0 0 40 40
p/wally_189_270.png 1 0 0 40 40
p/wally_189_255.png 1 0 0 40 40
p/wally_189_240.png 1 0 0 40 40
p/wally_189_225.png 1 0 0 40 40
p/wally_189_210.png 1 0 0 40 40
p/wally_189_195.png 1 0 0 40 40
p/wally_189_180.png 1 0 0 40 40
p/wally_189_165.png 1 0 0 40 40
p/wally_189_150.png 1 0 0 40 40
p/wally_189_135.png 1 0 0 40 40
p/wally_189_120.png 1 0 0 40 40
p/wally_189_105.png 1 0 0 40 40
p/wally_189_90.png 1 0 0 40 40
p/wally_189_75.png 1 0 0 40 40
p/wally_189_60.png 1 0 0 40 40
p/wally_189_45.png 1 0 0 40 40
p/wally_189_30.png 1 0 0 40 40
p/wally_189_15.png 1 0 0 40 40
p/wally_185_345.png 1 0 0 40 40
p/wally_185_330.png 1 0 0 40 40
p/wally_185_315.png 1 0 0 40 40
p/wally_185_300.png 1 0 0 40 40
p/wally_185_285.png 1 0 0 40 40
p/wally_185_270.png 1 0 0 40 40
p/wally_185_255.png 1 0 0 40 40
p/wally_185_240.png 1 0 0 40 40
p/wally_185_225.png 1 0 0 40 40
p/wally_185_210.png 1 0 0 40 40
p/wally_185_195.png 1 0 0 40 40
p/wally_185_180.png 1 0 0 40 40
p/wally_185_165.png 1 0 0 40 40
p/wally_185_150.png 1 0 0 40 40
p/wally_185_135.png 1 0 0 40 40
p/wally_185_120.png 1 0 0 40 40
p/wally_185_105.png 1 0 0 40 40
p/wally_185_90.png 1 0 0 40 40
p/wally_185_75.png 1 0 0 40 40
p/wally_185_60.png 1 0 0 40 40
p/wally_185_45.png 1 0 0 40 40
p/wally_185_30.png 1 0 0 40 40
p/wally_185_15.png 1 0 0 40 40
p/wally_184_345.png 1 0 0 40 40
p/wally_184_330.png 1 0 0 40 40
p/wally_184_315.png 1 0 0 40 40
p/wally_184_300.png 1 0 0 40 40
p/wally_184_285.png 1 0 0 40 40
p/wally_184_270.png 1 0 0 40 40
p/wally_184_255.png 1 0 0 40 40
p/wally_184_240.png 1 0 0 40 40
p/wally_184_225.png 1 0 0 40 40
p/wally_184_210.png 1 0 0 40 40
p/wally_184_195.png 1 0 0 40 40
p/wally_184_180.png 1 0 0 40 40
p/wally_184_165.png 1 0 0 40 40
p/wally_184_150.png 1 0 0 40 40
p/wally_184_135.png 1 0 0 40 40
p/wally_184_120.png 1 0 0 40 40
p/wally_184_105.png 1 0 0 40 40
p/wally_184_90.png 1 0 0 40 40
p/wally_184_75.png 1 0 0 40 40
p/wally_184_60.png 1 0 0 40 40
p/wally_184_45.png 1 0 0 40 40
p/wally_184_30.png 1 0 0 40 40
p/wally_184_15.png 1 0 0 40 40
p/wally_183_345.png 1 0 0 40 40
p/wally_183_330.png 1 0 0 40 40
p/wally_183_315.png 1 0 0 40 40
p/wally_183_300.png 1 0 0 40 40
p/wally_183_285.png 1 0 0 40 40
p/wally_183_270.png 1 0 0 40 40
p/wally_183_255.png 1 0 0 40 40
p/wally_183_240.png 1 0 0 40 40
p/wally_183_225.png 1 0 0 40 40
p/wally_183_210.png 1 0 0 40 40
p/wally_183_195.png 1 0 0 40 40
p/wally_183_165.png 1 0 0 40 40
p/wally_183_180.png 1 0 0 40 40
p/wally_183_150.png 1 0 0 40 40
p/wally_183_135.png 1 0 0 40 40
p/wally_183_120.png 1 0 0 40 40
p/wally_183_105.png 1 0 0 40 40
p/wally_183_90.png 1 0 0 40 40
p/wally_183_75.png 1 0 0 40 40
p/wally_183_60.png 1 0 0 40 40
p/wally_183_45.png 1 0 0 40 40
p/wally_183_30.png 1 0 0 40 40
p/wally_183_15.png 1 0 0 40 40
p/wally_182_345.png 1 0 0 40 40
p/wally_182_330.png 1 0 0 40 40
p/wally_182_315.png 1 0 0 40 40
p/wally_182_300.png 1 0 0 40 40
p/wally_182_285.png 1 0 0 40 40
p/wally_182_270.png 1 0 0 40 40
p/wally_182_255.png 1 0 0 40 40
p/wally_182_240.png 1 0 0 40 40
p/wally_182_225.png 1 0 0 40 40
p/wally_182_210.png 1 0 0 40 40
p/wally_182_195.png 1 0 0 40 40
p/wally_182_180.png 1 0 0 40 40
p/wally_182_165.png 1 0 0 40 40
p/wally_182_150.png 1 0 0 40 40
p/wally_182_135.png 1 0 0 40 40
p/wally_182_120.png 1 0 0 40 40
p/wally_182_105.png 1 0 0 40 40
p/wally_182_90.png 1 0 0 40 40
p/wally_182_75.png 1 0 0 40 40
p/wally_182_60.png 1 0 0 40 40
p/wally_182_45.png 1 0 0 40 40
p/wally_182_30.png 1 0 0 40 40
p/wally_182_15.png 1 0 0 40 40
p/wally_180_345.png 1 0 0 40 40
p/wally_180_330.png 1 0 0 40 40
p/wally_180_315.png 1 0 0 40 40
p/wally_180_300.png 1 0 0 40 40
p/wally_180_285.png 1 0 0 40 40
p/wally_180_270.png 1 0 0 40 40
p/wally_180_255.png 1 0 0 40 40
p/wally_180_240.png 1 0 0 40 40
p/wally_180_225.png 1 0 0 40 40
p/wally_180_210.png 1 0 0 40 40
p/wally_180_195.png 1 0 0 40 40
p/wally_180_180.png 1 0 0 40 40
p/wally_180_165.png 1 0 0 40 40
p/wally_180_150.png 1 0 0 40 40
p/wally_180_135.png 1 0 0 40 40
p/wally_180_120.png 1 0 0 40 40
p/wally_180_105.png 1 0 0 40 40
p/wally_180_90.png 1 0 0 40 40
p/wally_180_75.png 1 0 0 40 40
p/wally_180_60.png 1 0 0 40 40
p/wally_180_45.png 1 0 0 40 40
p/wally_180_30.png 1 0 0 40 40
p/wally_180_15.png 1 0 0 40 40
p/wally_178_345.png 1 0 0 40 40
p/wally_178_330.png 1 0 0 40 40
p/wally_178_315.png 1 0 0 40 40
p/wally_178_300.png 1 0 0 40 40
p/wally_178_285.png 1 0 0 40 40
p/wally_178_270.png 1 0 0 40 40
p/wally_178_255.png 1 0 0 40 40
p/wally_178_240.png 1 0 0 40 40
p/wally_178_225.png 1 0 0 40 40
p/wally_178_210.png 1 0 0 40 40
p/wally_178_195.png 1 0 0 40 40
p/wally_178_180.png 1 0 0 40 40
p/wally_178_165.png 1 0 0 40 40
p/wally_178_150.png 1 0 0 40 40
p/wally_178_135.png 1 0 0 40 40
p/wally_178_120.png 1 0 0 40 40
p/wally_178_105.png 1 0 0 40 40
p/wally_178_90.png 1 0 0 40 40
p/wally_178_75.png 1 0 0 40 40
p/wally_178_60.png 1 0 0 40 40
p/wally_178_45.png 1 0 0 40 40
p/wally_178_30.png 1 0 0 40 40
p/wally_178_15.png 1 0 0 40 40
p/wally_177_345.png 1 0 0 40 40
p/wally_177_330.png 1 0 0 40 40
p/wally_177_315.png 1 0 0 40 40
p/wally_177_300.png 1 0 0 40 40
p/wally_177_285.png 1 0 0 40 40
p/wally_177_270.png 1 0 0 40 40
p/wally_177_255.png 1 0 0 40 40
p/wally_177_240.png 1 0 0 40 40
p/wally_177_225.png 1 0 0 40 40
p/wally_177_210.png 1 0 0 40 40
p/wally_177_195.png 1 0 0 40 40
p/wally_177_180.png 1 0 0 40 40
p/wally_177_165.png 1 0 0 40 40
p/wally_177_150.png 1 0 0 40 40
p/wally_177_135.png 1 0 0 40 40
p/wally_177_120.png 1 0 0 40 40
p/wally_177_105.png 1 0 0 40 40
p/wally_177_90.png 1 0 0 40 40
p/wally_177_75.png 1 0 0 40 40
p/wally_177_60.png 1 0 0 40 40
p/wally_177_45.png 1 0 0 40 40
p/wally_177_30.png 1 0 0 40 40
p/wally_177_15.png 1 0 0 40 40
p/wally_173_345.png 1 0 0 40 40
p/wally_173_330.png 1 0 0 40 40
p/wally_173_315.png 1 0 0 40 40
p/wally_173_300.png 1 0 0 40 40
p/wally_173_285.png 1 0 0 40 40
p/wally_173_270.png 1 0 0 40 40
p/wally_173_255.png 1 0 0 40 40
p/wally_173_240.png 1 0 0 40 40
p/wally_173_225.png 1 0 0 40 40
p/wally_173_210.png 1 0 0 40 40
p/wally_173_195.png 1 0 0 40 40
p/wally_173_180.png 1 0 0 40 40
p/wally_173_165.png 1 0 0 40 40
p/wally_173_150.png 1 0 0 40 40
p/wally_173_135.png 1 0 0 40 40
p/wally_173_120.png 1 0 0 40 40
p/wally_173_105.png 1 0 0 40 40
p/wally_173_90.png 1 0 0 40 40
p/wally_173_75.png 1 0 0 40 40
p/wally_173_60.png 1 0 0 40 40
p/wally_173_45.png 1 0 0 40 40
p/wally_173_30.png 1 0 0 40 40
p/wally_173_15.png 1 0 0 40 40
p/wally_165_345.png 1 0 0 40 40
p/wally_165_330.png 1 0 0 40 40
p/wally_165_315.png 1 0 0 40 40
p/wally_165_300.png 1 0 0 40 40
p/wally_165_285.png 1 0 0 40 40
p/wally_165_270.png 1 0 0 40 40
p/wally_165_255.png 1 0 0 40 40
p/wally_165_240.png 1 0 0 40 40
p/wally_165_225.png 1 0 0 40 40
p/wally_165_210.png 1 0 0 40 40
p/wally_165_195.png 1 0 0 40 40
p/wally_165_180.png 1 0 0 40 40
p/wally_165_165.png 1 0 0 40 40
p/wally_165_150.png 1 0 0 40 40
p/wally_165_135.png 1 0 0 40 40
p/wally_165_120.png 1 0 0 40 40
p/wally_165_105.png 1 0 0 40 40
p/wally_165_90.png 1 0 0 40 40
p/wally_165_75.png 1 0 0 40 40
p/wally_165_60.png 1 0 0 40 40
p/wally_165_45.png 1 0 0 40 40
p/wally_165_30.png 1 0 0 40 40
p/wally_165_15.png 1 0 0 40 40
p/wally_153_345.png 1 0 0 40 40
p/wally_153_330.png 1 0 0 40 40
p/wally_153_315.png 1 0 0 40 40
p/wally_153_300.png 1 0 0 40 40
p/wally_153_285.png 1 0 0 40 40
p/wally_153_270.png 1 0 0 40 40
p/wally_153_255.png 1 0 0 40 40
p/wally_153_240.png 1 0 0 40 40
p/wally_153_225.png 1 0 0 40 40
p/wally_153_210.png 1 0 0 40 40
p/wally_153_195.png 1 0 0 40 40
p/wally_153_180.png 1 0 0 40 40
p/wally_153_165.png 1 0 0 40 40
p/wally_153_150.png 1 0 0 40 40
p/wally_153_135.png 1 0 0 40 40
p/wally_153_120.png 1 0 0 40 40
p/wally_153_105.png 1 0 0 40 40
p/wally_153_90.png 1 0 0 40 40
p/wally_153_75.png 1 0 0 40 40
p/wally_153_45.png 1 0 0 40 40
p/wally_153_60.png 1 0 0 40 40
p/wally_153_30.png 1 0 0 40 40
p/wally_153_15.png 1 0 0 40 40
p/wally_151_345.png 1 0 0 40 40
p/wally_151_330.png 1 0 0 40 40
p/wally_151_315.png 1 0 0 40 40
p/wally_151_300.png 1 0 0 40 40
p/wally_151_285.png 1 0 0 40 40
p/wally_151_270.png 1 0 0 40 40
p/wally_151_255.png 1 0 0 40 40
p/wally_151_240.png 1 0 0 40 40
p/wally_151_225.png 1 0 0 40 40
p/wally_151_210.png 1 0 0 40 40
p/wally_151_195.png 1 0 0 40 40
p/wally_151_180.png 1 0 0 40 40
p/wally_151_165.png 1 0 0 40 40
p/wally_151_150.png 1 0 0 40 40
p/wally_151_135.png 1 0 0 40 40
p/wally_151_120.png 1 0 0 40 40
p/wally_151_105.png 1 0 0 40 40
p/wally_151_90.png 1 0 0 40 40
p/wally_151_75.png 1 0 0 40 40
p/wally_151_60.png 1 0 0 40 40
p/wally_151_45.png 1 0 0 40 40
p/wally_151_30.png 1 0 0 40 40
p/wally_151_15.png 1 0 0 40 40
p/wally_144_345.png 1 0 0 40 40
p/wally_144_330.png 1 0 0 40 40
p/wally_144_315.png 1 0 0 40 40
p/wally_144_300.png 1 0 0 40 40
p/wally_144_285.png 1 0 0 40 40
p/wally_144_270.png 1 0 0 40 40
p/wally_144_255.png 1 0 0 40 40
p/wally_144_240.png 1 0 0 40 40
p/wally_144_225.png 1 0 0 40 40
p/wally_144_210.png 1 0 0 40 40
p/wally_144_195.png 1 0 0 40 40
p/wally_144_180.png 1 0 0 40 40
p/wally_144_165.png 1 0 0 40 40
p/wally_144_150.png 1 0 0 40 40
p/wally_144_135.png 1 0 0 40 40
p/wally_144_120.png 1 0 0 40 40
p/wally_144_105.png 1 0 0 40 40
p/wally_144_90.png 1 0 0 40 40
p/wally_144_75.png 1 0 0 40 40
p/wally_144_60.png 1 0 0 40 40
p/wally_144_45.png 1 0 0 40 40
p/wally_144_30.png 1 0 0 40 40
p/wally_144_15.png 1 0 0 40 40
p/wally_143_345.png 1 0 0 40 40
p/wally_143_330.png 1 0 0 40 40
p/wally_143_315.png 1 0 0 40 40
p/wally_143_300.png 1 0 0 40 40
p/wally_143_285.png 1 0 0 40 40
p/wally_143_270.png 1 0 0 40 40
p/wally_143_255.png 1 0 0 40 40
p/wally_143_240.png 1 0 0 40 40
p/wally_143_225.png 1 0 0 40 40
p/wally_143_210.png 1 0 0 40 40
p/wally_143_195.png 1 0 0 40 40
p/wally_143_180.png 1 0 0 40 40
p/wally_143_165.png 1 0 0 40 40
p/wally_143_150.png 1 0 0 40 40
p/wally_143_135.png 1 0 0 40 40
p/wally_143_120.png 1 0 0 40 40
p/wally_143_105.png 1 0 0 40 40
p/wally_143_90.png 1 0 0 40 40
p/wally_143_75.png 1 0 0 40 40
p/wally_143_60.png 1 0 0 40 40
p/wally_143_45.png 1 0 0 40 40
p/wally_143_30.png 1 0 0 40 40
p/wally_143_15.png 1 0 0 40 40
p/wally_142_345.png 1 0 0 40 40
p/wally_142_330.png 1 0 0 40 40
p/wally_142_315.png 1 0 0 40 40
p/wally_142_300.png 1 0 0 40 40
p/wally_142_285.png 1 0 0 40 40
p/wally_142_270.png 1 0 0 40 40
p/wally_142_255.png 1 0 0 40 40
p/wally_142_240.png 1 0 0 40 40
p/wally_142_225.png 1 0 0 40 40
p/wally_142_210.png 1 0 0 40 40
p/wally_142_195.png 1 0 0 40 40
p/wally_142_180.png 1 0 0 40 40
p/wally_142_165.png 1 0 0 40 40
p/wally_142_150.png 1 0 0 40 40
p/wally_142_135.png 1 0 0 40 40
p/wally_142_120.png 1 0 0 40 40
p/wally_142_105.png 1 0 0 40 40
p/wally_142_90.png 1 0 0 40 40
p/wally_142_75.png 1 0 0 40 40
p/wally_142_60.png 1 0 0 40 40
p/wally_142_45.png 1 0 0 40 40
p/wally_142_30.png 1 0 0 40 40
p/wally_142_15.png 1 0 0 40 40
p/wally_133_345.png 1 0 0 40 40
p/wally_133_330.png 1 0 0 40 40
p/wally_133_315.png 1 0 0 40 40
p/wally_133_300.png 1 0 0 40 40
p/wally_133_285.png 1 0 0 40 40
p/wally_133_270.png 1 0 0 40 40
p/wally_133_255.png 1 0 0 40 40
p/wally_133_240.png 1 0 0 40 40
p/wally_133_225.png 1 0 0 40 40
p/wally_133_210.png 1 0 0 40 40
p/wally_133_195.png 1 0 0 40 40
p/wally_133_180.png 1 0 0 40 40
p/wally_133_165.png 1 0 0 40 40
p/wally_133_150.png 1 0 0 40 40
p/wally_133_135.png 1 0 0 40 40
p/wally_133_120.png 1 0 0 40 40
p/wally_133_105.png 1 0 0 40 40
p/wally_133_90.png 1 0 0 40 40
p/wally_133_75.png 1 0 0 40 40
p/wally_133_60.png 1 0 0 40 40
p/wally_133_45.png 1 0 0 40 40
p/wally_133_30.png 1 0 0 40 40
p/wally_133_15.png 1 0 0 40 40
p/wally_112_345.png 1 0 0 40 40
p/wally_112_330.png 1 0 0 40 40
p/wally_112_315.png 1 0 0 40 40
p/wally_112_300.png 1 0 0 40 40
p/wally_112_285.png 1 0 0 40 40
p/wally_112_270.png 1 0 0 40 40
p/wally_112_255.png 1 0 0 40 40
p/wally_112_240.png 1 0 0 40 40
p/wally_112_225.png 1 0 0 40 40
p/wally_112_210.png 1 0 0 40 40
p/wally_112_195.png 1 0 0 40 40
p/wally_112_180.png 1 0 0 40 40
p/wally_112_165.png 1 0 0 40 40
p/wally_112_150.png 1 0 0 40 40
p/wally_112_135.png 1 0 0 40 40
p/wally_112_120.png 1 0 0 40 40
p/wally_112_105.png 1 0 0 40 40
p/wally_112_90.png 1 0 0 40 40
p/wally_112_75.png 1 0 0 40 40
p/wally_112_60.png 1 0 0 40 40
p/wally_112_45.png 1 0 0 40 40
p/wally_112_30.png 1 0 0 40 40
p/wally_112_15.png 1 0 0 40 40
p/wally_92_345.png 1 0 0 40 40
p/wally_92_330.png 1 0 0 40 40
p/wally_92_315.png 1 0 0 40 40
p/wally_92_300.png 1 0 0 40 40
p/wally_92_285.png 1 0 0 40 40
p/wally_92_270.png 1 0 0 40 40
p/wally_92_255.png 1 0 0 40 40
p/wally_92_240.png 1 0 0 40 40
p/wally_92_225.png 1 0 0 40 40
p/wally_92_210.png 1 0 0 40 40
p/wally_92_195.png 1 0 0 40 40
p/wally_92_180.png 1 0 0 40 40
p/wally_92_165.png 1 0 0 40 40
p/wally_92_150.png 1 0 0 40 40
p/wally_92_135.png 1 0 0 40 40
p/wally_92_120.png 1 0 0 40 40
p/wally_92_105.png 1 0 0 40 40
p/wally_92_90.png 1 0 0 40 40
p/wally_92_75.png 1 0 0 40 40
p/wally_92_60.png 1 0 0 40 40
p/wally_92_45.png 1 0 0 40 40
p/wally_92_30.png 1 0 0 40 40
p/wally_92_15.png 1 0 0 40 40
p/wally_87345.png 1 0 0 40 40
p/wally_87330.png 1 0 0 40 40
p/wally_87315.png 1 0 0 40 40
p/wally_87300.png 1 0 0 40 40
p/wally_87285.png 1 0 0 40 40
p/wally_87270.png 1 0 0 40 40
p/wally_87255.png 1 0 0 40 40
p/wally_87240.png 1 0 0 40 40
p/wally_87225.png 1 0 0 40 40
p/wally_87210.png 1 0 0 40 40
p/wally_87195.png 1 0 0 40 40
p/wally_87180.png 1 0 0 40 40
p/wally_87165.png 1 0 0 40 40
p/wally_87150.png 1 0 0 40 40
p/wally_87135.png 1 0 0 40 40
p/wally_87120.png 1 0 0 40 40
p/wally_87105.png 1 0 0 40 40
p/wally_8790.png 1 0 0 40 40
p/wally_8775.png 1 0 0 40 40
p/wally_8760.png 1 0 0 40 40
p/wally_8745.png 1 0 0 40 40
p/wally_8730.png 1 0 0 40 40
p/wally_8715.png 1 0 0 40 40
p/wally_70345.png 1 0 0 40 40
p/wally_70330.png 1 0 0 40 40
p/wally_70315.png 1 0 0 40 40
p/wally_70285.png 1 0 0 40 40
p/wally_70300.png 1 0 0 40 40
p/wally_70270.png 1 0 0 40 40
p/wally_70255.png 1 0 0 40 40
p/wally_70240.png 1 0 0 40 40
p/wally_70225.png 1 0 0 40 40
p/wally_70210.png 1 0 0 40 40
p/wally_70195.png 1 0 0 40 40
p/wally_70180.png 1 0 0 40 40
p/wally_70165.png 1 0 0 40 40
p/wally_70150.png 1 0 0 40 40
p/wally_70135.png 1 0 0 40 40
p/wally_70120.png 1 0 0 40 40
p/wally_70105.png 1 0 0 40 40
p/wally_7090.png 1 0 0 40 40
p/wally_7075.png 1 0 0 40 40
p/wally_7060.png 1 0 0 40 40
p/wally_7045.png 1 0 0 40 40
p/wally_7030.png 1 0 0 40 40
p/wally_7015.png 1 0 0 40 40
p/wally_68345.png 1 0 0 40 40
p/wally_68330.png 1 0 0 40 40
p/wally_68315.png 1 0 0 40 40
p/wally_68300.png 1 0 0 40 40
p/wally_68285.png 1 0 0 40 40
p/wally_68270.png 1 0 0 40 40
p/wally_68255.png 1 0 0 40 40
p/wally_68240.png 1 0 0 40 40
p/wally_68225.png 1 0 0 40 40
p/wally_68210.png 1 0 0 40 40
p/wally_68195.png 1 0 0 40 40
p/wally_68180.png 1 0 0 40 40
p/wally_68165.png 1 0 0 40 40
p/wally_68150.png 1 0 0 40 40
p/wally_68135.png 1 0 0 40 40
p/wally_68120.png 1 0 0 40 40
p/wally_68105.png 1 0 0 40 40
p/wally_6890.png 1 0 0 40 40
p/wally_6875.png 1 0 0 40 40
p/wally_6860.png 1 0 0 40 40
p/wally_6845.png 1 0 0 40 40
p/wally_6830.png 1 0 0 40 40
p/wally_6815.png 1 0 0 40 40
p/wally_63345.png 1 0 0 40 40
p/wally_63330.png 1 0 0 40 40
p/wally_63315.png 1 0 0 40 40
p/wally_63300.png 1 0 0 40 40
p/wally_63285.png 1 0 0 40 40
p/wally_63270.png 1 0 0 40 40
p/wally_63255.png 1 0 0 40 40
p/wally_63240.png 1 0 0 40 40
p/wally_63225.png 1 0 0 40 40
p/wally_63210.png 1 0 0 40 40
p/wally_63195.png 1 0 0 40 40
p/wally_63180.png 1 0 0 40 40
p/wally_63165.png 1 0 0 40 40
p/wally_63150.png 1 0 0 40 40
p/wally_63135.png 1 0 0 40 40
p/wally_63120.png 1 0 0 40 40
p/wally_63105.png 1 0 0 40 40
p/wally_6390.png 1 0 0 40 40
p/wally_6375.png 1 0 0 40 40
p/wally_6360.png 1 0 0 40 40
p/wally_6345.png 1 0 0 40 40
p/wally_6330.png 1 0 0 40 40
p/wally_6315.png 1 0 0 40 40
p/wally_54345.png 1 0 0 40 40
p/wally_54330.png 1 0 0 40 40
p/wally_54315.png 1 0 0 40 40
p/wally_54300.png 1 0 0 40 40
p/wally_54285.png 1 0 0 40 40
p/wally_54270.png 1 0 0 40 40
p/wally_54255.png 1 0 0 40 40
p/wally_54240.png 1 0 0 40 40
p/wally_54225.png 1 0 0 40 40
p/wally_54210.png 1 0 0 40 40
p/wally_54195.png 1 0 0 40 40
p/wally_54180.png 1 0 0 40 40
p/wally_54165.png 1 0 0 40 40
p/wally_54150.png 1 0 0 40 40
p/wally_54135.png 1 0 0 40 40
p/wally_54120.png 1 0 0 40 40
p/wally_54105.png 1 0 0 40 40
p/wally_5490.png 1 0 0 40 40
p/wally_5475.png 1 0 0 40 40
p/wally_5460.png 1 0 0 40 40
p/wally_5445.png 1 0 0 40 40
p/wally_5430.png 1 0 0 40 40
p/wally_5415.png 1 0 0 40 40
p/wallycuarentaycinco345.png 1 0 0 40 40
p/wallycuarentaycinco330.png 1 0 0 40 40
p/wallycuarentaycinco315.png 1 0 0 40 40
p/wallycuarentaycinco300.png 1 0 0 40 40
p/wallycuarentaycinco285.png 1 0 0 40 40
p/wallycuarentaycinco270.png 1 0 0 40 40
p/wallycuarentaycinco255.png 1 0 0 40 40
p/wallycuarentaycinco240.png 1 0 0 40 40
p/wallycuarentaycinco225.png 1 0 0 40 40
p/wallycuarentaycinco210.png 1 0 0 40 40
p/wallycuarentaycinco195.png 1 0 0 40 40
p/wallycuarentaycinco180.png 1 0 0 40 40
p/wallycuarentaycinco165.png 1 0 0 40 40
p/wallycuarentaycinco150.png 1 0 0 40 40
p/wallycuarentaycinco135.png 1 0 0 40 40
p/wallycuarentaycinco120.png 1 0 0 40 40
p/wallycuarentaycinco105.png 1 0 0 40 40
p/wallycuarentaycinco90.png 1 0 0 40 40
p/wallycuarentaycinco75.png 1 0 0 40 40
p/wallycuarentaycinco60.png 1 0 0 40 40
p/wallycuarentaycinco45.png 1 0 0 40 40
p/wallycuarentaycinco30.png 1 0 0 40 40
p/wallycuarentaycinco15.png 1 0 0 40 40
p/wallytreintaysiete345.png 1 0 0 40 40
p/wallytreintaysiete330.png 1 0 0 40 40
p/wallytreintaysiete315.png 1 0 0 40 40
p/wallytreintaysiete300.png 1 0 0 40 40
p/wallytreintaysiete285.png 1 0 0 40 40
p/wallytreintaysiete270.png 1 0 0 40 40
p/wallytreintaysiete255.png 1 0 0 40 40
p/wallytreintaysiete240.png 1 0 0 40 40
p/wallytreintaysiete225.png 1 0 0 40 40
p/wallytreintaysiete210.png 1 0 0 40 40
p/wallytreintaysiete195.png 1 0 0 40 40
p/wallytreintaysiete180.png 1 0 0 40 40
p/wallytreintaysiete165.png 1 0 0 40 40
p/wallytreintaysiete150.png 1 0 0 40 40
p/wallytreintaysiete135.png 1 0 0 40 40
p/wallytreintaysiete120.png 1 0 0 40 40
p/wallytreintaysiete105.png 1 0 0 40 40
p/wallytreintaysiete90.png 1 0 0 40 40
p/wallytreintaysiete75.png 1 0 0 40 40
p/wallytreintaysiete60.png 1 0 0 40 40
p/wallytreintaysiete45.png 1 0 0 40 40
p/wallytreintaysiete30.png 1 0 0 40 40
p/wallytreintaysiete15.png 1 0 0 40 40
p/wallytreinta345.png 1 0 0 40 40
p/wallytreinta330.png 1 0 0 40 40
p/wallytreinta315.png 1 0 0 40 40
p/wallytreinta300.png 1 0 0 40 40
p/wallytreinta285.png 1 0 0 40 40
p/wallytreinta270.png 1 0 0 40 40
p/wallytreinta255.png 1 0 0 40 40
p/wallytreinta240.png 1 0 0 40 40
p/wallytreinta225.png 1 0 0 40 40
p/wallytreinta210.png 1 0 0 40 40
p/wallytreinta195.png 1 0 0 40 40
p/wallytreinta180.png 1 0 0 40 40
p/wallytreinta165.png 1 0 0 40 40
p/wallytreinta150.png 1 0 0 40 40
p/wallytreinta120.png 1 0 0 40 40
p/wallytreinta135.png 1 0 0 40 40
p/wallytreinta105.png 1 0 0 40 40
p/wallytreinta90.png 1 0 0 40 40
p/wallytreinta75.png 1 0 0 40 40
p/wallytreinta60.png 1 0 0 40 40
p/wallytreinta45.png 1 0 0 40 40
p/wallytreinta30.png 1 0 0 40 40
p/wallytreinta15.png 1 0 0 40 40
p/wallyveintiseis345.png 1 0 0 40 40
p/wallyveintiseis330.png 1 0 0 40 40
p/wallyveintiseis315.png 1 0 0 40 40
p/wallyveintiseis300.png 1 0 0 40 40
p/wallyveintiseis285.png 1 0 0 40 40
p/wallyveintiseis270.png 1 0 0 40 40
p/wallyveintiseis255.png 1 0 0 40 40
p/wallyveintiseis240.png 1 0 0 40 40
p/wallyveintiseis225.png 1 0 0 40 40
p/wallyveintiseis210.png 1 0 0 40 40
p/wallyveintiseis195.png 1 0 0 40 40
p/wallyveintiseis180.png 1 0 0 40 40
p/wallyveintiseis165.png 1 0 0 40 40
p/wallyveintiseis150.png 1 0 0 40 40
p/wallyveintiseis135.png 1 0 0 40 40
p/wallyveintiseis120.png 1 0 0 40 40
p/wallyveintiseis105.png 1 0 0 40 40
p/wallyveintiseis90.png 1 0 0 40 40
p/wallyveintiseis75.png 1 0 0 40 40
p/wallyveintiseis60.png 1 0 0 40 40
p/wallyveintiseis45.png 1 0 0 40 40
p/wallyveintiseis30.png 1 0 0 40 40
p/wallyveintiseis15.png 1 0 0 40 40
p/wallytrece345.png 1 0 0 40 40
p/wallytrece330.png 1 0 0 40 40
p/wallytrece315.png 1 0 0 40 40
p/wallytrece300.png 1 0 0 40 40
p/wallytrece285.png 1 0 0 40 40
p/wallytrece270.png 1 0 0 40 40
p/wallytrece255.png 1 0 0 40 40
p/wallytrece240.png 1 0 0 40 40
p/wallytrece225.png 1 0 0 40 40
p/wallytrece210.png 1 0 0 40 40
p/wallytrece195.png 1 0 0 40 40
p/wallytrece180.png 1 0 0 40 40
p/wallytrece165.png 1 0 0 40 40
p/wallytrece150.png 1 0 0 40 40
p/wallytrece135.png 1 0 0 40 40
p/wallytrece120.png 1 0 0 40 40
p/wallytrece105.png 1 0 0 40 40
p/wallytrece90.png 1 0 0 40 40
p/wallytrece75.png 1 0 0 40 40
p/wallytrece60.png 1 0 0 40 40
p/wallytrece45.png 1 0 0 40 40
p/wallytrece30.png 1 0 0 40 40
p/wallytrece15.png 1 0 0 40 40
p/wallyonce345.png 1 0 0 40 40
p/wallyonce330.png 1 0 0 40 40
p/wallyonce315.png 1 0 0 40 40
p/wallyonce300.png 1 0 0 40 40
p/wallyonce285.png 1 0 0 40 40
p/wallyonce270.png 1 0 0 40 40
p/wallyonce255.png 1 0 0 40 40
p/wallyonce240.png 1 0 0 40 40
p/wallyonce225.png 1 0 0 40 40
p/wallyonce210.png 1 0 0 40 40
p/wallyonce195.png 1 0 0 40 40
p/wallyonce180.png 1 0 0 40 40
p/wallyonce165.png 1 0 0 40 40
p/wallyonce150.png 1 0 0 40 40
p/wallyonce135.png 1 0 0 40 40
p/wallyonce120.png 1 0 0 40 40
p/wallyonce105.png 1 0 0 40 40
p/wallyonce90.png 1 0 0 40 40
p/wallyonce75.png 1 0 0 40 40
p/wallyonce60.png 1 0 0 40 40
p/wallyonce45.png 1 0 0 40 40
p/wallyonce30.png 1 0 0 40 40
p/wallyonce15.png 1 0 0 40 40
p/wallyocho345.png 1 0 0 40 40
p/wallyocho330.png 1 0 0 40 40
p/wallyocho315.png 1 0 0 40 40
p/wallyocho300.png 1 0 0 40 40
p/wallyocho285.png 1 0 0 40 40
p/wallyocho270.png 1 0 0 40 40
p/wallyocho255.png 1 0 0 40 40
p/wallyocho240.png 1 0 0 40 40
p/wallyocho225.png 1 0 0 40 40
p/wallyocho210.png 1 0 0 40 40
p/wallyocho195.png 1 0 0 40 40
p/wallyocho180.png 1 0 0 40 40
p/wallyocho165.png 1 0 0 40 40
p/wallyocho150.png 1 0 0 40 40
p/wallyocho135.png 1 0 0 40 40
p/wallyocho120.png 1 0 0 40 40
p/wallyocho105.png 1 0 0 40 40
p/wallyocho90.png 1 0 0 40 40
p/wallyocho75.png 1 0 0 40 40
p/wallyocho60.png 1 0 0 40 40
p/wallyocho45.png 1 0 0 40 40
p/wallyocho30.png 1 0 0 40 40
p/wallyocho15.png 1 0 0 40 40
p/wallycinco345.png 1 0 0 40 40
p/wallycinco330.png 1 0 0 40 40
p/wallycinco315.png 1 0 0 40 40
p/wallycinco300.png 1 0 0 40 40
p/wallycinco285.png 1 0 0 40 40
p/wallycinco270.png 1 0 0 40 40
p/wallycinco255.png 1 0 0 40 40
p/wallycinco240.png 1 0 0 40 40
p/wallycinco225.png 1 0 0 40 40
p/wallycinco210.png 1 0 0 40 40
p/wallycinco195.png 1 0 0 40 40
p/wallycinco180.png 1 0 0 40 40
p/wallycinco165.png 1 0 0 40 40
p/wallycinco150.png 1 0 0 40 40
p/wallycinco135.png 1 0 0 40 40
p/wallycinco120.png 1 0 0 40 40
p/wallycinco105.png 1 0 0 40 40
p/wallycinco90.png 1 0 0 40 40
p/wallycinco75.png 1 0 0 40 40
p/wallycinco60.png 1 0 0 40 40
p/wallycinco45.png 1 0 0 40 40
p/wallycinco30.png 1 0 0 40 40
p/wallycinco15.png 1 0 0 40 40
p/wallydos345.png 1 0 0 40 40
p/wallydos330.png 1 0 0 40 40
p/wallydos315.png 1 0 0 40 40
p/wallydos300.png 1 0 0 40 40
p/wallydos285.png 1 0 0 40 40
p/wallydos270.png 1 0 0 40 40
p/wallydos255.png 1 0 0 40 40
p/wallydos240.png 1 0 0 40 40
p/wallydos225.png 1 0 0 40 40
p/wallydos210.png 1 0 0 40 40
p/wallydos195.png 1 0 0 40 40
p/wallydos180.png 1 0 0 40 40
p/wallydos165.png 1 0 0 40 40
p/wallydos150.png 1 0 0 40 40
p/wallydos135.png 1 0 0 40 40
p/wallydos120.png 1 0 0 40 40
p/wallydos105.png 1 0 0 40 40
p/wallydos90.png 1 0 0 40 40
p/wallydos75.png 1 0 0 40 40
p/wallydos60.png 1 0 0 40 40
p/wallydos45.png 1 0 0 40 40
p/wallydos30.png 1 0 0 40 40
p/wallydos15.png 1 0 0 40 40
p/wally345.png 1 0 0 40 40
p/wally330.png 1 0 0 40 40
p/wally315.png 1 0 0 40 40
p/wally300.png 1 0 0 40 40
p/wally285.png 1 0 0 40 40
p/wally270.png 1 0 0 40 40
p/wally255.png 1 0 0 40 40
p/wally240.png 1 0 0 40 40
p/wally225.png 1 0 0 40 40
p/wally195.png 1 0 0 40 40
p/wally210.png 1 0 0 40 40
p/wally180.png 1 0 0 40 40
p/wally165.png 1 0 0 40 40
p/wally150.png 1 0 0 40 40
p/wally135.png 1 0 0 40 40
p/wally120.png 1 0 0 40 40
p/wally105.png 1 0 0 40 40
p/wally90.png 1 0 0 40 40
p/wally75.png 1 0 0 40 40
p/wally60.png 1 0 0 40 40
p/wally45.png 1 0 0 40 40
p/wally30.png 1 0 0 40 40
p/wally15.png 1 0 0 40 40
p/97.png 1 0 0 40 40
p/95.png 1 0 0 40 40
p/93.png 1 0 0 40 40
p/92.png 1 0 0 40 40
p/91.png 1 0 0 40 40
p/9.png 1 0 0 40 40
p/89.png 1 0 0 40 40
p/87.jpg 1 0 0 40 40
p/86.png 1 0 0 40 40
p/85.png 1 0 0 40 40
p/84.png 1 0 0 40 40
p/83.png 1 0 0 40 40
p/82.png 1 0 0 40 40
p/81.png 1 0 0 40 40
p/80.png 1 0 0 40 40
p/79.png 1 0 0 40 40
p/8.png 1 0 0 40 40
p/78.png 1 0 0 40 40
p/77.png 1 0 0 40 40
p/75.jpg 1 0 0 40 40
p/74.png 1 0 0 40 40
p/73.png 1 0 0 40 40
p/72.png 1 0 0 40 40
p/71.png 1 0 0 40 40
p/70.png 1 0 0 40 40
p/69.png 1 0 0 40 40
p/68.png 1 0 0 40 40
p/66.png 1 0 0 40 40
p/65.png 1 0 0 40 40
p/63.jpg 1 0 0 40 40
p/61.png 1 0 0 40 40
p/60.png 1 0 0 40 40
p/6.png 1 0 0 40 40
p/56.png 1 0 0 40 40
p/55.png 1 0 0 40 40
p/54.png 1 0 0 40 40
p/52.png 1 0 0 40 40
p/51.jpg 1 0 0 40 40
p/50.png 1 0 0 40 40
p/5.png 1 0 0 40 40
p/49.png 1 0 0 40 40
p/48.png 1 0 0 40 40
p/45.png 1 0 0 40 40
p/44.png 1 0 0 40 40
p/43.png 1 0 0 40 40
p/42.png 1 0 0 40 40
p/41.png 1 0 0 40 40
p/39.jpg 1 0 0 40 40
p/38.png 1 0 0 40 40
p/37.png 1 0 0 40 40
p/36.png 1 0 0 40 40
p/33.png 1 0 0 40 40
p/317.png 1 0 0 40 40
p/316.png 1 0 0 40 40
p/315.png 1 0 0 40 40
p/314.png 1 0 0 40 40
p/313.png 1 0 0 40 40
p/312.png 1 0 0 40 40
p/311.png 1 0 0 40 40
p/310.png 1 0 0 40 40
p/309.png 1 0 0 40 40
p/308.png 1 0 0 40 40
p/306.png 1 0 0 40 40
p/305.png 1 0 0 40 40
p/30.png 1 0 0 40 40
p/290.png 1 0 0 40 40
p/289.png 1 0 0 40 40
p/288.png 1 0 0 40 40
p/287.png 1 0 0 40 40
p/286.png 1 0 0 40 40
p/283.jpg 1 0 0 40 40
p/282.png 1 0 0 40 40
p/281.png 1 0 0 40 40
p/280.png 1 0 0 40 40
p/279.png 1 0 0 40 40
p/278.png 1 0 0 40 40
p/271.jpg 1 0 0 40 40
p/27.jpg 1 0 0 40 40
p/267.png 1 0 0 40 40
p/265.png 1 0 0 40 40
p/26.png 1 0 0 40 40
p/259.jpg 1 0 0 40 40
p/257.png 1 0 0 40 40
p/255.png 1 0 0 40 40
p/254.png 1 0 0 40 40
p/244.png 1 0 0 40 40
p/243.png 1 0 0 40 40
p/240.png 1 0 0 40 40
p/238.png 1 0 0 40 40
p/237.png 1 0 0 40 40
p/235.png 1 0 0 40 40
p/230.png 1 0 0 40 40
p/229.png 1 0 0 40 40
p/228.png 1 0 0 40 40
p/227.png 1 0 0 40 40
p/226.png 1 0 0 40 40
p/225.png 1 0 0 40 40
p/221.jpg 1 0 0 40 40
p/220.png 1 0 0 40 40
p/218.png 1 0 0 40 40
p/217.png 1 0 0 40 40
p/215.png 1 0 0 40 40
p/214.png 1 0 0 40 40
p/211.png 1 0 0 40 40
p/207.png 1 0 0 40 40
p/205.png 1 0 0 40 40
p/204.png 1 0 0 40 40
p/203.png 1 0 0 40 40
p/202.png 1 0 0 40 40
p/201.png 1 0 0 40 40
p/200.png 1 0 0 40 40
p/2.png 1 0 0 40 40
p/199.png 1 0 0 40 40
p/197.jpg 1 0 0 40 40
p/196.png 1 0 0 40 40
p/195.png 1 0 0 40 40
p/193.png 1 0 0 40 40
p/192.png 1 0 0 40 40
p/189.png 1 0 0 40 40
p/188.png 1 0 0 40 40
p/187.png 1 0 0 40 40
p/185.jpg 1 0 0 40 40
p/184.png 1 0 0 40 40
p/183.png 1 0 0 40 40
p/182.png 1 0 0 40 40
p/181.png 1 0 0 40 40
p/180.png 1 0 0 40 40
p/18.png 1 0 0 40 40
p/179.png 1 0 0 40 40
p/178.png 1 0 0 40 40
p/177.png 1 0 0 40 40
p/176.png 1 0 0 40 40
p/175.png 1 0 0 40 40
p/173.jpg 1 0 0 40 40
p/172.png 1 0 0 40 40
p/167.png 1 0 0 40 40
p/166.png 1 0 0 40 40
p/165.png 1 0 0 40 40
p/164.png 1 0 0 40 40
p/163.png 1 0 0 40 40
p/160.png 1 0 0 40 40
p/158.png 1 0 0 40 40
p/156.png 1 0 0 40 40
p/154.png 1 0 0 40 40
p/153.png 1 0 0 40 40
p/152.png 1 0 0 40 40
p/151.png 1 0 0 40 40
p/15.jpg 1 0 0 40 40
p/148.png 1 0 0 40 40
p/147.png 1 0 0 40 40
p/146.png 1 0 0 40 40
p/145.png 1 0 0 40 40
p/144.png 1 0 0 40 40
p/143.png 1 0 0 40 40
p/142.png 1 0 0 40 40
p/141.png 1 0 0 40 40
p/140.png 1 0 0 40 40
p/136.png 1 0 0 40 40
p/135.png 1 0 0 40 40
p/134.png 1 0 0 40 40
p/133.png 1 0 0 40 40
p/132.png 1 0 0 40 40
p/130.png 1 0 0 40 40
p/13.png 1 0 0 40 40
p/129.png 1 0 0 40 40
p/128.png 1 0 0 40 40
p/127.png 1 0 0 40 40
p/123.jpg 1 0 0 40 40
p/122.png 1 0 0 40 40
p/121.png 1 0 0 40 40
p/120.png 1 0 0 40 40
p/119.png 1 0 0 40 40
p/118.png 1 0 0 40 40
p/115.png 1 0 0 40 40
p/112.png 1 0 0 40 40
p/11.png 1 0 0 40 40
p/109.png 1 0 0 40 40
p/106.png 1 0 0 40 40
p/105.png 1 0 0 40 40
p/104.png 1 0 0 40 40
p/103.png 1 0 0 40 40
p/102.png 1 0 0 40 40
p/101.png 1 0 0 40 40
p/10.png 1 0 0 40 40
p/1.jpg 1 0 0 40 40